Build started 5/25/2015 3:45:51 PM.
     1>Project "E:\Projects\Wwise\Wwise\samples\IntegrationDemo\Windows\IntegrationDemo_Windows_vc120.vcxproj" on node 2 (Build target(s)).
     1>ClCompile:
         C:\Program Files (x86)\Microsoft Visual Studio 12.0\VC\bin\CL.exe /c /I..\..\..\include /I..\..\SoundEngine\Common /I..\..\SoundEngine\Win32 /I. /I..\Common /I..\MenuSystem /I..\DemoPages /I"C:\Program Files (x86)\Microsoft DirectX SDK (June 2010)\\include" /Zi /nologo /W3 /WX- /Od /Ob0 /Oi /Oy- /D _DEBUG /D WIN32 /D _DEBUG /D _WINDOWS /D _CRT_SECURE_NO_WARNINGS /D _CRT_SECURE_NO_DEPRECATE /D _CRT_NON_CONFORMING_SWPRINTFS /D _UNICODE /D UNICODE /GF /Gm- /EHsc /MDd /GS- /arch:SSE /fp:fast /Zc:wchar_t /Zc:forScope /GR- /Yc"stdafx.h" /Fp"..\..\..\Win32_vc120\Debug\obj\IntegrationDemo\IntegrationDemo.pch" /Fo"..\..\..\Win32_vc120\Debug\obj\IntegrationDemo\\" /Fd"..\..\..\Win32_vc120\Debug\bin\IntegrationDemo.pdb" /Gd /TP /analyze- /errorReport:prompt stdafx.cpp
         stdafx.cpp
         C:\Program Files (x86)\Microsoft Visual Studio 12.0\VC\bin\CL.exe /c /I..\..\..\include /I..\..\SoundEngine\Common /I..\..\SoundEngine\Win32 /I. /I..\Common /I..\MenuSystem /I..\DemoPages /I"C:\Program Files (x86)\Microsoft DirectX SDK (June 2010)\\include" /Zi /nologo /W3 /WX- /Od /Ob0 /Oi /Oy- /D _DEBUG /D WIN32 /D _DEBUG /D _WINDOWS /D _CRT_SECURE_NO_WARNINGS /D _CRT_SECURE_NO_DEPRECATE /D _CRT_NON_CONFORMING_SWPRINTFS /D _UNICODE /D UNICODE /GF /Gm- /EHsc /MDd /GS- /arch:SSE /fp:fast /Zc:wchar_t /Zc:forScope /GR- /Yu"stdafx.h" /Fp"..\..\..\Win32_vc120\Debug\obj\IntegrationDemo\IntegrationDemo.pch" /Fo"..\..\..\Win32_vc120\Debug\obj\IntegrationDemo\\" /Fd"..\..\..\Win32_vc120\Debug\bin\IntegrationDemo.pdb" /Gd /TP /analyze- /errorReport:prompt ..\Common\Helpers.cpp ..\Common\IntegrationDemo.cpp ..\Common\SoundInputBase.cpp ..\Common\SoundInputMgrBase.cpp ..\DemoPages\BaseMenuPage.cpp ..\DemoPages\DemoBGM.cpp ..\DemoPages\DemoDialogueMenu.cpp ..\DemoPages\DemoDynamicDialogue.cpp ..\DemoPages\DemoExternalSources.cpp ..\DemoPages\DemoFootstepsManyVariables.cpp ..\DemoPages\DemoInteractiveMusic.cpp ..\DemoPages\DemoLocalization.cpp ..\DemoPages\DemoMarkers.cpp ..\DemoPages\DemoMicrophone.cpp ..\DemoPages\DemoMotion.cpp ..\DemoPages\DemoMusicCallbacks.cpp ..\DemoPages\DemoPositioning.cpp ..\DemoPages\DemoRTPCCarEngine.cpp ..\MenuSystem\ButtonControl.cpp ..\MenuSystem\Control.cpp ..\MenuSystem\Menu.cpp ..\MenuSystem\MessagePage.cpp ..\MenuSystem\MovableChip.cpp ..\MenuSystem\MultiplayerPage.cpp ..\MenuSystem\NumericControl.cpp ..\MenuSystem\Page.cpp ..\MenuSystem\ToggleControl.cpp ..\MenuSystem\UniversalInput.cpp ..\..\SoundEngine\Win32\AkDefaultIOHookBlocking.cpp ..\..\SoundEngine\Common\AkFilePackage.cpp ..\..\SoundEngine\Common\AkFileLocationBase.cpp ..\..\SoundEngine\Common\AkFilePackageLUT.cpp Drawing.cpp InputMgr.cpp Main.cpp Platform.cpp SoundInput.cpp SoundInputMgr.cpp
         Helpers.cpp
         IntegrationDemo.cpp
         SoundInputBase.cpp
         SoundInputMgrBase.cpp
         BaseMenuPage.cpp
         DemoBGM.cpp
         DemoDialogueMenu.cpp
         DemoDynamicDialogue.cpp
         DemoExternalSources.cpp
         DemoFootstepsManyVariables.cpp
         DemoInteractiveMusic.cpp
         DemoLocalization.cpp
         DemoMarkers.cpp
         DemoMicrophone.cpp
         DemoMotion.cpp
         DemoMusicCallbacks.cpp
         DemoPositioning.cpp
         DemoRTPCCarEngine.cpp
         ButtonControl.cpp
         Control.cpp
         Generating Code...
         Compiling...
         Menu.cpp
         MessagePage.cpp
         MovableChip.cpp
         MultiplayerPage.cpp
         NumericControl.cpp
         Page.cpp
         ToggleControl.cpp
         UniversalInput.cpp
         AkDefaultIOHookBlocking.cpp
         AkFilePackage.cpp
         AkFileLocationBase.cpp
         AkFilePackageLUT.cpp
         Drawing.cpp
         InputMgr.cpp
         Main.cpp
         Platform.cpp
         SoundInput.cpp
         SoundInputMgr.cpp
         Generating Code...
       Link:
         C:\Program Files (x86)\Microsoft Visual Studio 12.0\VC\bin\link.exe /ERRORREPORT:PROMPT /OUT:"..\..\..\Win32_vc120\Debug\bin\IntegrationDemo.exe" /INCREMENTAL /NOLOGO /LIBPATH:"C:\Program Files (x86)\Microsoft DirectX SDK (June 2010)\\lib\x86" /LIBPATH:..\..\..\Win32_vc120\Debug\lib AkConvolutionReverbFX.lib AkFlangerFX.lib AstoundsoundExpanderFX.lib AkTremoloFX.lib AkMemoryMgr.lib AuroHeadphoneFX.lib IOSONOProximityMixer.lib AkMotionGenerator.lib AkSineSource.lib AkSoundSeedWind.lib AkStereoDelayFX.lib AkGuitarDistortionFX.lib AkRumble.lib AuroPannerMixer.lib AkSoundEngine.lib AkSilenceSource.lib AkPeakLimiterFX.lib McDSPLimiterFX.lib iZTrashBoxModelerFX.lib AkSoundSeedImpactFX.lib AkRoomVerbFX.lib iZTrashDelayFX.lib McDSPFutzBoxFX.lib AkParametricEQFX.lib AstoundsoundFolddownFX.lib AkToneSource.lib AkMatrixReverbFX.lib AkCompressorFX.lib AkAudioInputSource.lib AkMusicEngine.lib AkSoundSeedWoosh.lib CrankcaseAudioREVModelPlayerFX.lib iZTrashMultibandDistortionFX.lib iZHybridReverbFX.lib AkPitchShifterFX.lib iZTrashDynamicsFX.lib iZTrashDistortionFX.lib AstoundsoundRTIFX.lib AkDelayFX.lib AkGainFX.lib AkVorbisDecoder.lib AkMeterFX.lib AstoundsoundShared.lib iZTrashFiltersFX.lib AkSynthOne.lib AkMP3Source.lib AkStreamMgr.lib AkHarmonizerFX.lib AkTimeStretchFX.lib AkExpanderFX.lib dxguid.lib ws2_32.lib dinput8.lib Dsound.lib XInput.lib Msacm32.lib Dbghelp.lib d3d9.lib D3dx9.lib Winmm.lib CommunicationCentral.lib kernel32.lib user32.lib gdi32.lib winspool.lib comdlg32.lib advapi32.lib shell32.lib ole32.lib oleaut32.lib uuid.lib odbc32.lib odbccp32.lib /MANIFEST /MANIFESTUAC:"level='asInvoker' uiAccess='false'" /manifest:embed /DEBUG /PDB:"..\..\..\Win32_vc120\Debug\bin\IntegrationDemo.pdb" /SUBSYSTEM:WINDOWS /TLBID:1 /DYNAMICBASE /NXCOMPAT /IMPLIB:"..\..\..\Win32_vc120\Debug\bin\IntegrationDemo.lib" /MACHINE:X86 ..\..\..\Win32_vc120\Debug\obj\IntegrationDemo\stdafx.obj
         ..\..\..\Win32_vc120\Debug\obj\IntegrationDemo\Helpers.obj
         ..\..\..\Win32_vc120\Debug\obj\IntegrationDemo\IntegrationDemo.obj
         ..\..\..\Win32_vc120\Debug\obj\IntegrationDemo\SoundInputBase.obj
         ..\..\..\Win32_vc120\Debug\obj\IntegrationDemo\SoundInputMgrBase.obj
         ..\..\..\Win32_vc120\Debug\obj\IntegrationDemo\BaseMenuPage.obj
         ..\..\..\Win32_vc120\Debug\obj\IntegrationDemo\DemoBGM.obj
         ..\..\..\Win32_vc120\Debug\obj\IntegrationDemo\DemoDialogueMenu.obj
         ..\..\..\Win32_vc120\Debug\obj\IntegrationDemo\DemoDynamicDialogue.obj
         ..\..\..\Win32_vc120\Debug\obj\IntegrationDemo\DemoExternalSources.obj
         ..\..\..\Win32_vc120\Debug\obj\IntegrationDemo\DemoFootstepsManyVariables.obj
         ..\..\..\Win32_vc120\Debug\obj\IntegrationDemo\DemoInteractiveMusic.obj
         ..\..\..\Win32_vc120\Debug\obj\IntegrationDemo\DemoLocalization.obj
         ..\..\..\Win32_vc120\Debug\obj\IntegrationDemo\DemoMarkers.obj
         ..\..\..\Win32_vc120\Debug\obj\IntegrationDemo\DemoMicrophone.obj
         ..\..\..\Win32_vc120\Debug\obj\IntegrationDemo\DemoMotion.obj
         ..\..\..\Win32_vc120\Debug\obj\IntegrationDemo\DemoMusicCallbacks.obj
         ..\..\..\Win32_vc120\Debug\obj\IntegrationDemo\DemoPositioning.obj
         ..\..\..\Win32_vc120\Debug\obj\IntegrationDemo\DemoRTPCCarEngine.obj
         ..\..\..\Win32_vc120\Debug\obj\IntegrationDemo\ButtonControl.obj
         ..\..\..\Win32_vc120\Debug\obj\IntegrationDemo\Control.obj
         ..\..\..\Win32_vc120\Debug\obj\IntegrationDemo\Menu.obj
         ..\..\..\Win32_vc120\Debug\obj\IntegrationDemo\MessagePage.obj
         ..\..\..\Win32_vc120\Debug\obj\IntegrationDemo\MovableChip.obj
         ..\..\..\Win32_vc120\Debug\obj\IntegrationDemo\MultiplayerPage.obj
         ..\..\..\Win32_vc120\Debug\obj\IntegrationDemo\NumericControl.obj
         ..\..\..\Win32_vc120\Debug\obj\IntegrationDemo\Page.obj
         ..\..\..\Win32_vc120\Debug\obj\IntegrationDemo\ToggleControl.obj
         ..\..\..\Win32_vc120\Debug\obj\IntegrationDemo\UniversalInput.obj
         ..\..\..\Win32_vc120\Debug\obj\IntegrationDemo\AkDefaultIOHookBlocking.obj
         ..\..\..\Win32_vc120\Debug\obj\IntegrationDemo\AkFilePackage.obj
         ..\..\..\Win32_vc120\Debug\obj\IntegrationDemo\AkFileLocationBase.obj
         ..\..\..\Win32_vc120\Debug\obj\IntegrationDemo\AkFilePackageLUT.obj
         ..\..\..\Win32_vc120\Debug\obj\IntegrationDemo\Drawing.obj
         ..\..\..\Win32_vc120\Debug\obj\IntegrationDemo\InputMgr.obj
         ..\..\..\Win32_vc120\Debug\obj\IntegrationDemo\Main.obj
         ..\..\..\Win32_vc120\Debug\obj\IntegrationDemo\Platform.obj
         ..\..\..\Win32_vc120\Debug\obj\IntegrationDemo\SoundInput.obj
         ..\..\..\Win32_vc120\Debug\obj\IntegrationDemo\SoundInputMgr.obj
            Creating library ..\..\..\Win32_vc120\Debug\bin\IntegrationDemo.lib and object ..\..\..\Win32_vc120\Debug\bin\IntegrationDemo.exp
         IntegrationDemo_Windows_vc120.vcxproj -> E:\Projects\Wwise\Wwise\samples\IntegrationDemo\Windows\..\..\..\Win32_vc120\Debug\bin\IntegrationDemo.exe
     1>Done Building Project "E:\Projects\Wwise\Wwise\samples\IntegrationDemo\Windows\IntegrationDemo_Windows_vc120.vcxproj" (Build target(s)).

Build succeeded.

Time Elapsed 00:00:17.15
